<?xml version="1.0" encoding="UTF-8"?>
<!-- Generated by org.testng.reporters.JUnitReportReporter -->
<testsuite hostname="DESKTOP-R8LNRUV" failures="0" tests="4" name="testCases.TestCase_Scenario_0002" time="491.378" errors="0" timestamp="2022-10-20T16:17:18 MYT" skipped="0">
  <testcase classname="testCases.TestCase_Scenario_0002" name="test_education_loan_standard_repayment_calculator_scn002" time="131.151"/>
  <system-out/>
  <testcase classname="testCases.TestCase_Scenario_0002" name="test_education_loan_standard_repayment_calculator_scn002" time="36.165"/>
  <system-out/>
  <testcase classname="testCases.TestCase_Scenario_0002" name="test_education_loan_standard_repayment_calculator_scn002" time="255.449"/>
  <system-out/>
  <testcase classname="testCases.TestCase_Scenario_0002" name="test_education_loan_standard_repayment_calculator_scn002" time="68.613"/>
  <system-out/>
</testsuite> <!-- testCases.TestCase_Scenario_0002 -->
