<?xml version="1.0" encoding="UTF-8"?>
<!-- Generated by org.testng.reporters.JUnitReportReporter -->
<testsuite hostname="DESKTOP-R8LNRUV" failures="0" tests="4" name="testCases.TestCase_Scenario_0002" time="175.709" errors="0" timestamp="2022-10-21T18:31:50 MYT" skipped="0">
  <testcase classname="testCases.TestCase_Scenario_0002" name="test_education_loan_standard_repayment_calculator_scn002" time="53.087"/>
  <system-out/>
  <testcase classname="testCases.TestCase_Scenario_0002" name="test_education_loan_standard_repayment_calculator_scn002" time="25.886"/>
  <system-out/>
  <testcase classname="testCases.TestCase_Scenario_0002" name="test_education_loan_standard_repayment_calculator_scn002" time="40.555"/>
  <system-out/>
  <testcase classname="testCases.TestCase_Scenario_0002" name="test_education_loan_standard_repayment_calculator_scn002" time="56.181"/>
  <system-out/>
</testsuite> <!-- testCases.TestCase_Scenario_0002 -->
