<?xml version="1.0" encoding="UTF-8"?>
<!-- Generated by org.testng.reporters.JUnitReportReporter -->
<testsuite hostname="DESKTOP-R8LNRUV" failures="0" tests="1" name="testCases.Temp" time="0.012" errors="0" timestamp="2022-10-20T10:36:22 MYT" skipped="0">
  <testcase classname="testCases.Temp" name="sample" time="0.012"/>
  <system-out/>
</testsuite> <!-- testCases.Temp -->
