<?xml version="1.0" encoding="UTF-8"?>
<!-- Generated by org.testng.reporters.JUnitReportReporter -->
<testsuite skipped="0" hostname="DESKTOP-R8LNRUV" name="testCases.TestCase_Scenario_0002" tests="4" failures="0" timestamp="2022-10-20T17:07:37 SGT" time="331.263" errors="0">
  <testcase name="test_education_loan_standard_repayment_calculator_scn002" time="57.642" classname="testCases.TestCase_Scenario_0002"/>
  <system-out/>
  <testcase name="test_education_loan_standard_repayment_calculator_scn002" time="105.125" classname="testCases.TestCase_Scenario_0002"/>
  <system-out/>
  <testcase name="test_education_loan_standard_repayment_calculator_scn002" time="59.162" classname="testCases.TestCase_Scenario_0002"/>
  <system-out/>
  <testcase name="test_education_loan_standard_repayment_calculator_scn002" time="109.334" classname="testCases.TestCase_Scenario_0002"/>
  <system-out/>
</testsuite> <!-- testCases.TestCase_Scenario_0002 -->
